# ds-sim server 6-Mar, 2020 @ MQ
# Server-side simulator started with './ds-server -c ./configs/config_simple2.xml -v brief'
# Waiting for connection to port 50000 of IP address 127.0.0.1
RCVD HELO
SENT OK
RCVD AUTH root
# Welcome  root!
# The system information can be read from 'system.xml'
SENT OK
RCVD REDY
SENT JOBN 48 0 14 1 100 500
RCVD SCHD 0 xlarge 0
t:         48 job     0 (waiting) on # 0 of server xlarge (booting) SCHEDULED
SENT OK
RCVD REDY
SENT JOBN 71 1 133 3 900 5800
RCVD SCHD 1 xlarge 0
t:         71 job     1 (waiting) on # 0 of server xlarge (booting) SCHEDULED
SENT OK
RCVD REDY
t:        108 job     0 on # 0 of server xlarge RUNNING
t:        108 job     1 on # 0 of server xlarge RUNNING
SENT JOBN 114 2 631 5 1200 5400
RCVD SCHD 2 xlarge 0
t:        114 job     2 (running) on # 0 of server xlarge (active) SCHEDULED
t:        114 job     2 on # 0 of server xlarge RUNNING
SENT OK
RCVD REDY
SENT JOBN 147 3 464 8 2200 8500
RCVD SCHD 3 xlarge 0
t:        147 job     3 (waiting) on # 0 of server xlarge (active) SCHEDULED
SENT OK
RCVD REDY
SENT JOBN 155 4 18 11 21700 29800
RCVD SCHD 4 xlarge 0
t:        155 job     4 (waiting) on # 0 of server xlarge (active) SCHEDULED
SENT OK
RCVD REDY
SENT JOBN 160 5 276 10 18700 21400
RCVD SCHD 5 xlarge 0
t:        160 job     5 (waiting) on # 0 of server xlarge (active) SCHEDULED
SENT OK
RCVD REDY
SENT JOBN 174 6 36 8 6900 16100
RCVD SCHD 6 xlarge 0
t:        174 job     6 (waiting) on # 0 of server xlarge (active) SCHEDULED
SENT OK
RCVD REDY
t:        179 job     0 on # 0 of server xlarge COMPLETED
t:        179 job     3 on # 0 of server xlarge RUNNING
SENT JOBN 198 7 7 1 400 1600
RCVD SCHD 7 xlarge 0
t:        198 job     7 (waiting) on # 0 of server xlarge (active) SCHEDULED
SENT OK
RCVD REDY
SENT JOBN 211 8 3 7 2600 5000
RCVD SCHD 8 xlarge 0
t:        211 job     8 (waiting) on # 0 of server xlarge (active) SCHEDULED
SENT OK
RCVD REDY
t:        217 job     1 on # 0 of server xlarge COMPLETED
SENT JOBN 220 9 139 8 2400 9900
RCVD SCHD 9 xlarge 0
t:        220 job     9 (waiting) on # 0 of server xlarge (active) SCHEDULED
SENT OK
RCVD REDY
SENT JOBN 224 10 1617 12 2400 3100
RCVD SCHD 10 xlarge 0
t:        224 job    10 (waiting) on # 0 of server xlarge (active) SCHEDULED
SENT OK
RCVD REDY
SENT JOBN 225 11 37109 12 16000 23700
RCVD SCHD 11 xlarge 0
t:        225 job    11 (waiting) on # 0 of server xlarge (active) SCHEDULED
SENT OK
RCVD REDY
SENT JOBN 227 12 284 1 1000 800
RCVD SCHD 12 xlarge 0
t:        227 job    12 (waiting) on # 0 of server xlarge (active) SCHEDULED
SENT OK
RCVD REDY
SENT JOBN 233 13 34 5 3300 1900
RCVD SCHD 13 xlarge 0
t:        233 job    13 (waiting) on # 0 of server xlarge (active) SCHEDULED
SENT OK
RCVD REDY
SENT JOBN 236 14 93 2 600 3900
RCVD SCHD 14 xlarge 0
t:        236 job    14 (waiting) on # 0 of server xlarge (active) SCHEDULED
SENT OK
RCVD REDY
SENT JOBN 240 15 172 8 7000 9500
RCVD SCHD 15 xlarge 0
t:        240 job    15 (waiting) on # 0 of server xlarge (active) SCHEDULED
SENT OK
RCVD REDY
SENT JOBN 241 16 19 6 2800 11600
RCVD SCHD 16 xlarge 0
t:        241 job    16 (waiting) on # 0 of server xlarge (active) SCHEDULED
SENT OK
RCVD REDY
SENT JOBN 246 17 259 12 12300 35500
RCVD SCHD 17 xlarge 0
t:        246 job    17 (waiting) on # 0 of server xlarge (active) SCHEDULED
SENT OK
RCVD REDY
SENT JOBN 249 18 29 4 1800 5600
RCVD SCHD 18 xlarge 0
t:        249 job    18 (waiting) on # 0 of server xlarge (active) SCHEDULED
SENT OK
RCVD REDY
SENT JOBN 251 19 419 2 1100 3100
RCVD SCHD 19 xlarge 0
t:        251 job    19 (waiting) on # 0 of server xlarge (active) SCHEDULED
SENT OK
RCVD REDY
SENT JOBN 261 20 3 16 27300 56200
RCVD SCHD 20 xlarge 0
t:        261 job    20 (waiting) on # 0 of server xlarge (active) SCHEDULED
SENT OK
RCVD REDY
SENT JOBN 262 21 193 5 4300 2900
RCVD SCHD 21 xlarge 0
t:        262 job    21 (waiting) on # 0 of server xlarge (active) SCHEDULED
SENT OK
RCVD REDY
SENT JOBN 266 22 59 2 1900 3500
RCVD SCHD 22 xlarge 0
t:        266 job    22 (waiting) on # 0 of server xlarge (active) SCHEDULED
SENT OK
RCVD REDY
SENT JOBN 270 23 50 8 6200 4900
RCVD SCHD 23 xlarge 0
t:        270 job    23 (waiting) on # 0 of server xlarge (active) SCHEDULED
SENT OK
RCVD REDY
SENT JOBN 272 24 16 4 2400 4500
RCVD SCHD 24 xlarge 0
t:        272 job    24 (waiting) on # 0 of server xlarge (active) SCHEDULED
SENT OK
RCVD REDY
SENT JOBN 276 25 26 1 500 1200
RCVD SCHD 25 xlarge 0
t:        276 job    25 (waiting) on # 0 of server xlarge (active) SCHEDULED
SENT OK
RCVD REDY
SENT JOBN 279 26 16 8 7800 3000
RCVD SCHD 26 xlarge 0
t:        279 job    26 (waiting) on # 0 of server xlarge (active) SCHEDULED
SENT OK
RCVD REDY
SENT JOBN 284 27 241 12 24000 24700
RCVD SCHD 27 xlarge 0
t:        284 job    27 (waiting) on # 0 of server xlarge (active) SCHEDULED
SENT OK
RCVD REDY
SENT JOBN 285 28 18 2 300 3000
RCVD SCHD 28 xlarge 0
t:        285 job    28 (waiting) on # 0 of server xlarge (active) SCHEDULED
SENT OK
RCVD REDY
SENT JOBN 292 29 14 16 3900 22800
RCVD SCHD 29 xlarge 0
t:        292 job    29 (waiting) on # 0 of server xlarge (active) SCHEDULED
SENT OK
RCVD REDY
SENT JOBN 294 30 167 10 19600 12400
RCVD SCHD 30 xlarge 0
t:        294 job    30 (waiting) on # 0 of server xlarge (active) SCHEDULED
SENT OK
RCVD REDY
SENT JOBN 297 31 17304 10 12300 7000
RCVD SCHD 31 xlarge 0
t:        297 job    31 (waiting) on # 0 of server xlarge (active) SCHEDULED
SENT OK
RCVD REDY
SENT JOBN 301 32 104 1 600 400
RCVD SCHD 32 xlarge 0
t:        301 job    32 (waiting) on # 0 of server xlarge (active) SCHEDULED
SENT OK
RCVD REDY
SENT JOBN 311 33 1 2 300 3400
RCVD SCHD 33 xlarge 0
t:        311 job    33 (waiting) on # 0 of server xlarge (active) SCHEDULED
SENT OK
RCVD REDY
SENT JOBN 315 34 747 12 12000 45800
RCVD SCHD 34 xlarge 0
t:        315 job    34 (waiting) on # 0 of server xlarge (active) SCHEDULED
SENT OK
RCVD REDY
SENT JOBN 319 35 225977 3 1000 5400
RCVD SCHD 35 xlarge 0
t:        319 job    35 (waiting) on # 0 of server xlarge (active) SCHEDULED
SENT OK
RCVD REDY
SENT JOBN 320 36 81 2 1500 1400
RCVD SCHD 36 xlarge 0
t:        320 job    36 (waiting) on # 0 of server xlarge (active) SCHEDULED
SENT OK
RCVD REDY
SENT JOBN 324 37 80 9 2600 15100
RCVD SCHD 37 xlarge 0
t:        324 job    37 (waiting) on # 0 of server xlarge (active) SCHEDULED
SENT OK
RCVD REDY
SENT JOBN 326 38 132 2 1500 900
RCVD SCHD 38 xlarge 0
t:        326 job    38 (waiting) on # 0 of server xlarge (active) SCHEDULED
SENT OK
RCVD REDY
SENT JOBN 331 39 17 7 5100 3700
RCVD SCHD 39 xlarge 0
t:        331 job    39 (waiting) on # 0 of server xlarge (active) SCHEDULED
SENT OK
RCVD REDY
SENT JOBN 334 40 116 12 25000 48100
RCVD SCHD 40 xlarge 0
t:        334 job    40 (waiting) on # 0 of server xlarge (active) SCHEDULED
SENT OK
RCVD REDY
SENT JOBN 339 41 287 7 6300 3800
RCVD SCHD 41 xlarge 0
t:        339 job    41 (waiting) on # 0 of server xlarge (active) SCHEDULED
SENT OK
RCVD REDY
SENT JOBN 341 42 28503 1 700 300
RCVD SCHD 42 xlarge 0
t:        341 job    42 (waiting) on # 0 of server xlarge (active) SCHEDULED
SENT OK
RCVD REDY
SENT JOBN 344 43 60 10 9700 10300
RCVD SCHD 43 xlarge 0
t:        344 job    43 (waiting) on # 0 of server xlarge (active) SCHEDULED
SENT OK
RCVD REDY
SENT JOBN 349 44 24 5 700 2800
RCVD SCHD 44 xlarge 0
t:        349 job    44 (waiting) on # 0 of server xlarge (active) SCHEDULED
SENT OK
RCVD REDY
SENT JOBN 354 45 10 16 30600 33600
